<?xml version="1.0" encoding="UTF-8"?>
<!-- Generated by org.testng.reporters.JUnitReportReporter -->
<testsuite hostname="LAPTOP-9IT6QDHO" failures="0" tests="2" name="com.crm.qa.TestCases.ContactsPageTest" time="60.772" errors="0" timestamp="2022-09-03T12:13:12 IST" skipped="0">
  <testcase classname="com.crm.qa.TestCases.ContactsPageTest" name="verifyContactsPageLabel" time="24.305"/>
  <system-out/>
  <testcase classname="com.crm.qa.TestCases.ContactsPageTest" name="selectingOneOfContact" time="36.467"/>
  <system-out/>
</testsuite> <!-- com.crm.qa.TestCases.ContactsPageTest -->
