<?xml version="1.0" encoding="UTF-8"?>
<!-- Generated by org.testng.reporters.JUnitReportReporter -->
<testsuite hostname="LAPTOP-9IT6QDHO" failures="0" tests="2" name="com.crm.qa.TestCases.HomePageTest" time="50.603" errors="0" timestamp="2022-09-06T16:14:02 IST" skipped="0">
  <testcase classname="com.crm.qa.TestCases.HomePageTest" name="validateHomePageTitleTest" time="19.251"/>
  <system-out/>
  <testcase classname="com.crm.qa.TestCases.HomePageTest" name="validateUserNameLabel" time="31.352"/>
  <system-out/>
</testsuite> <!-- com.crm.qa.TestCases.HomePageTest -->
