<?xml version="1.0" encoding="UTF-8"?>
<!-- Generated by org.testng.reporters.JUnitReportReporter -->
<testsuite hostname="LAPTOP-9IT6QDHO" failures="0" tests="1" name="com.crm.qa.TestCases.SampleCRM" time="0.000" errors="0" timestamp="2022-09-02T11:16:20 IST" skipped="1">
  <testcase classname="com.crm.qa.TestCases.SampleCRM" name="loginDetails" time="0.000">
    <skipped/>
  </testcase> <!-- loginDetails -->
  <system-out/>
</testsuite> <!-- com.crm.qa.TestCases.SampleCRM -->
