<?xml version="1.0" encoding="UTF-8"?>
<!-- Generated by org.testng.reporters.JUnitReportReporter -->
<testsuite hostname="LAPTOP-9IT6QDHO" failures="0" tests="3" name="com.crm.qa.TestCases.LoginPageTest" time="52.165" errors="0" timestamp="2022-09-06T16:14:02 IST" skipped="0">
  <testcase classname="com.crm.qa.TestCases.LoginPageTest" name="loginPageTitleTest" time="12.164"/>
  <system-out/>
  <testcase classname="com.crm.qa.TestCases.LoginPageTest" name="crmLogoTest" time="19.942"/>
  <system-out/>
  <testcase classname="com.crm.qa.TestCases.LoginPageTest" name="loginTest" time="20.059"/>
  <system-out/>
</testsuite> <!-- com.crm.qa.TestCases.LoginPageTest -->
